<?xml version="1.0" encoding="UTF-8"?>
<testng-results skipped="0" failed="0" ignored="0" total="1" passed="1">
  <reporter-output>
  </reporter-output>
  <suite name="Default suite" duration-ms="81" started-at="2019-06-02T13:58:46Z" finished-at="2019-06-02T13:58:46Z">
    <groups>
    </groups>
    <test name="Default test" duration-ms="81" started-at="2019-06-02T13:58:46Z" finished-at="2019-06-02T13:58:46Z">
      <class name="temp.Temp">
        <test-method status="PASS" signature="Login()[pri:1, instance:temp.Temp@262b2c86]" name="Login" duration-ms="15" started-at="2019-06-02T13:58:46Z" finished-at="2019-06-02T13:58:46Z">
          <reporter-output>
          </reporter-output>
        </test-method> <!-- Login -->
        <test-method status="PASS" signature="close()[pri:0, instance:temp.Temp@262b2c86]" name="close" is-config="true" duration-ms="2" started-at="2019-06-02T13:58:46Z" finished-at="2019-06-02T13:58:46Z">
          <reporter-output>
          </reporter-output>
        </test-method> <!-- close -->
      </class> <!-- temp.Temp -->
    </test> <!-- Default test -->
  </suite> <!-- Default suite -->
</testng-results>
